TN:
SF:/usr/include/c++/4.8/bits/basic_ios.h
FN:46,_ZSt13__check_facetISt5ctypeIcEERKT_PS3_
FNDA:0,_ZSt13__check_facetISt5ctypeIcEERKT_PS3_
FNF:1
FNH:0
DA:46,0
DA:48,0
DA:49,0
DA:50,0
LF:4
LH:0
end_of_record
SF:/usr/include/c++/4.8/bits/char_traits.h
FN:258,_ZNSt11char_traitsIcE6lengthEPKc
FNDA:0,_ZNSt11char_traitsIcE6lengthEPKc
FNF:1
FNH:0
DA:258,0
DA:259,0
LF:2
LH:0
end_of_record
SF:/usr/include/c++/4.8/bits/ios_base.h
FN:163,_ZStorSt12_Ios_IostateS_
FNDA:0,_ZStorSt12_Ios_IostateS_
FNF:1
FNH:0
DA:163,0
DA:164,0
LF:2
LH:0
end_of_record
SF:/usr/include/c++/4.8/bits/locale_facets.h
FN:865,_ZNKSt5ctypeIcE5widenEc
FNDA:0,_ZNKSt5ctypeIcE5widenEc
FNF:1
FNH:0
DA:865,0
DA:867,0
DA:868,0
DA:869,0
DA:870,0
LF:5
LH:0
end_of_record
SF:/usr/include/c++/4.8/iostream
DA:74,3
LF:1
LH:1
end_of_record
SF:/home/mvbattan/Desktop/TallerII/local/ApiTest/main.cpp
FN:12,main
FN:47,_GLOBAL__sub_I_main
FN:47,_Z41__static_initialization_and_destruction_0ii
FNDA:3,main
FNDA:3,_GLOBAL__sub_I_main
FNDA:3,_Z41__static_initialization_and_destruction_0ii
FNF:3
FNH:3
DA:12,3
DA:16,3
DA:18,3
DA:19,3
DA:21,1
DA:22,1
DA:25,1
DA:26,1
DA:31,2
DA:32,2
DA:34,2
DA:35,1
DA:36,1
DA:38,1
DA:40,1
DA:41,1
DA:45,1
DA:46,1
DA:47,9
LF:19
LH:19
end_of_record
